youtube.js:6 {
  "kind": "youtube#videoListResponse",
  "etag": "Th3vIXAEpIprkML7DxOIYXdLZxo",
  "items": [
    {
      "kind": "youtube#video",
      "etag": "8AiuSthHZ9TyJNU3dYEL5DI3DLs",
      "id": "b_l1IP_6psY",
      "snippet": {
        "publishedAt": "2023-11-12T06:30:11Z",
        "channelId": "UC9ChdqQRCaZmTCwSJ49tcbw",
        "title": "Watch Out (Official Audio) Sidhu Moose Wala | Sikander Kahlon | Mxrci | Latest Punjabi Songs 2023",
        "description": "Sidhu Moose Wala Presents \n\nSong - Watch Out\nSinger/Lyrics/Composer - Sidhu Moose Wala Ft Sikander Kahlon\nMusic - Mxrci\nVisuals - Navkaran Brar\n\nStay Tuned On - \nSpotify - https://open.spotify.com/album/11tfAS197RiPG4po110Tre\niTunes - https://music.apple.com/in/album/watch-out-single/1716025007\nWynkMusic - https://wynk.in/music/song/watch-out/one_840336449650_INU252311573\nJioSaavn - https://www.jiosaavn.com/album/watch-out/02NTWUfIcKI_\nGaana - https://gaana.com/album/watch-out-punjabi-2023-3\nYouTube Music - https://music.youtube.com/watch?v=HUohDVIa0MI\n\nClick to Subscribe - https://bit.ly/SidhuMooseWalaSubscribe\nTwitter - https://www.twitter.com/iSidhuMooseWala\nFacebook - https://www.facebook.com/SidhuMooseWala\nInstagram - https://instagram.com/Sidhu_MooseWala\nSnapChat - https://www.snapchat.com/add/SidhuShubh\n\n#SidhuMooseWala",
        "thumbnails": {
          "default": {
            "url": "https://i.ytimg.com/vi/b_l1IP_6psY/default.jpg",
            "width": 120,
            "height": 90
          },
          "medium": {
            "url": "https://i.ytimg.com/vi/b_l1IP_6psY/mqdefault.jpg",
            "width": 320,
            "height": 180
          },
          "high": {
            "url": "https://i.ytimg.com/vi/b_l1IP_6psY/hqdefault.jpg",
            "width": 480,
            "height": 360
          },
          "standard": {
            "url": "https://i.ytimg.com/vi/b_l1IP_6psY/sddefault.jpg",
            "width": 640,
            "height": 480
          },
          "maxres": {
            "url": "https://i.ytimg.com/vi/b_l1IP_6psY/maxresdefault.jpg",
            "width": 1280,
            "height": 720
          }
        },
        "channelTitle": "Sidhu Moose Wala",
        "tags": [
          "sidhu moosewala",
          "sidhu moosewala latest song",
          "sidhu moosewala leaked songs",
          "sidhu moosewala official videos",
          "sidhu moosewala official song",
          "latest punjabi song 2020"
        ],
        "categoryId": "10",
        "liveBroadcastContent": "none",
        "localized": {
          "title": "Watch Out (Official Audio) Sidhu Moose Wala | Sikander Kahlon | Mxrci | Latest Punjabi Songs 2023",
          "description": "Sidhu Moose Wala Presents \n\nSong - Watch Out\nSinger/Lyrics/Composer - Sidhu Moose Wala Ft Sikander Kahlon\nMusic - Mxrci\nVisuals - Navkaran Brar\n\nStay Tuned On - \nSpotify - https://open.spotify.com/album/11tfAS197RiPG4po110Tre\niTunes - https://music.apple.com/in/album/watch-out-single/1716025007\nWynkMusic - https://wynk.in/music/song/watch-out/one_840336449650_INU252311573\nJioSaavn - https://www.jiosaavn.com/album/watch-out/02NTWUfIcKI_\nGaana - https://gaana.com/album/watch-out-punjabi-2023-3\nYouTube Music - https://music.youtube.com/watch?v=HUohDVIa0MI\n\nClick to Subscribe - https://bit.ly/SidhuMooseWalaSubscribe\nTwitter - https://www.twitter.com/iSidhuMooseWala\nFacebook - https://www.facebook.com/SidhuMooseWala\nInstagram - https://instagram.com/Sidhu_MooseWala\nSnapChat - https://www.snapchat.com/add/SidhuShubh\n\n#SidhuMooseWala"
        },
        "defaultAudioLanguage": "en"
      }
    },
    {
      "kind": "youtube#video",
      "etag": "R1lgqXH126zPvFUaCLQOg7uvw1w",
      "id": "_GVDbQyr6xQ",
      "snippet": {
        "publishedAt": "2023-11-11T16:00:21Z",
        "channelId": "UCwIWAbIeu0xI0ReKWOcw3eg",
        "title": "I Built A Real Lego Tank!",
        "description": "SHOP NOW - https://www.unspeakable.com/\n\nMORE VIDEOS! - https://www.youtube.com/channel/UCet_y01v87pE7MPGikjTQQw\n\nFOLLOW ME! - https://www.unspeakable.com/pages/links\n\nPLEASE leave a like & subscribe this video was expensive!! THANK YOU! I love tacos",
        "thumbnails": {
          "default": {
            "url": "https://i.ytimg.com/vi/_GVDbQyr6xQ/default.jpg",
            "width": 120,
            "height": 90
          },
          "medium": {
            "url": "https://i.ytimg.com/vi/_GVDbQyr6xQ/mqdefault.jpg",
            "width": 320,
            "height": 180
          },
          "high": {
            "url": "https://i.ytimg.com/vi/_GVDbQyr6xQ/hqdefault.jpg",
            "width": 480,
            "height": 360
          },
          "standard": {
            "url": "https://i.ytimg.com/vi/_GVDbQyr6xQ/sddefault.jpg",
            "width": 640,
            "height": 480
          },
          "maxres": {
            "url": "https://i.ytimg.com/vi/_GVDbQyr6xQ/maxresdefault.jpg",
            "width": 1280,
            "height": 720
          }
        },
        "channelTitle": "Unspeakable",
        "tags": [
          "unspeakable",
          "vlog",
          "vlogs",
          "unspeakablegaming",
          "prank",
          "comedy",
          "challenge",
          "laugh",
          "funny",
          "moments",
          "craziest",
          "pranks",
          "crazy",
          "no cursing",
          "no swearing",
          "how to",
          "parody",
          "troll",
          "video",
          "react",
          "family friendly",
          "funniest",
          "adventure",
          "trolling",
          "unspeakable vlogs",
          "real life",
          "life",
          "unspeakable real life",
          "unspeakableplays"
        ],
        "categoryId": "22",
        "liveBroadcastContent": "none",
        "defaultLanguage": "en",
        "localized": {
          "title": "I Built A Real Lego Tank!",
          "description": "SHOP NOW - https://www.unspeakable.com/\n\nMORE VIDEOS! - https://www.youtube.com/channel/UCet_y01v87pE7MPGikjTQQw\n\nFOLLOW ME! - https://www.unspeakable.com/pages/links\n\nPLEASE leave a like & subscribe this video was expensive!! THANK YOU! I love tacos"
        },
        "defaultAudioLanguage": "en"
      }
    },
    {
      "kind": "youtube#video",
      "etag": "ctlh4vThCMSP7MdTZnp27kKYPMI",
      "id": "HnCF7qKmIbk",
      "snippet": {
        "publishedAt": "2023-11-10T20:00:52Z",
        "channelId": "UC7zsxKqd5MicTf4VhS9Y74g",
        "title": "A Deep Dive into Potterheads",
        "description": "Don’t leave without taking advantage of air up’s amazing holiday deals! Gift it to someone you love and also treat yourself at the lowest price ever: https://airup.link/3SB75cd\n\nMY COMEDY SPECIAL PREMIERES TONIGHT\n► https://watch.kurtisconner.com/\n\nThis week, we take a deep dive into the world of Harry Potter fans, also known as \"Potterheads\". Enjoy!\n\nFOLLOW ME:\n► https://instagram.com/kurtisconner/\n► https://twitter.com/kurtisconner\n\nMERCH \n► https://shop.kurtisconner.com/\n\nWATCH MY PODCAST:\n► https://patreon.com/veryreallygood\n\nLISTEN TO MY PODCAST:\n► https://open.spotify.com/show/3nGVLHpNXo6MiHQmotIAHG?si=T9Q-NAIOQG6BpWL_7oUvDA\n► https://podcasts.apple.com/ca/podcast/very-really-good/id1335843384\n\nRISE OF THE ORDER: https://www.theriseoftheorder.com/\n\nthanks for watching!\n\ncomment \"shoutout carl boom boom” ur reading this\n\n#kurtisconner",
        "thumbnails": {
          "default": {
            "url": "https://i.ytimg.com/vi/HnCF7qKmIbk/default.jpg",
            "width": 120,
            "height": 90
          },
          "medium": {
            "url": "https://i.ytimg.com/vi/HnCF7qKmIbk/mqdefault.jpg",
            "width": 320,
            "height": 180
          },
          "high": {
            "url": "https://i.ytimg.com/vi/HnCF7qKmIbk/hqdefault.jpg",
            "width": 480,
            "height": 360
          },
          "standard": {
            "url": "https://i.ytimg.com/vi/HnCF7qKmIbk/sddefault.jpg",
            "width": 640,
            "height": 480
          },
          "maxres": {
            "url": "https://i.ytimg.com/vi/HnCF7qKmIbk/maxresdefault.jpg",
            "width": 1280,
            "height": 720
          }
        },
        "channelTitle": "Kurtis Conner",
        "tags": [
          "kurtis conner",
          "kurtis connor",
          "potterheads",
          "harry potter"
        ],
        "categoryId": "23",
        "liveBroadcastContent": "none",
        "localized": {
          "title": "A Deep Dive into Potterheads",
          "description": "Don’t leave without taking advantage of air up’s amazing holiday deals! Gift it to someone you love and also treat yourself at the lowest price ever: https://airup.link/3SB75cd\n\nMY COMEDY SPECIAL PREMIERES TONIGHT\n► https://watch.kurtisconner.com/\n\nThis week, we take a deep dive into the world of Harry Potter fans, also known as \"Potterheads\". Enjoy!\n\nFOLLOW ME:\n► https://instagram.com/kurtisconner/\n► https://twitter.com/kurtisconner\n\nMERCH \n► https://shop.kurtisconner.com/\n\nWATCH MY PODCAST:\n► https://patreon.com/veryreallygood\n\nLISTEN TO MY PODCAST:\n► https://open.spotify.com/show/3nGVLHpNXo6MiHQmotIAHG?si=T9Q-NAIOQG6BpWL_7oUvDA\n► https://podcasts.apple.com/ca/podcast/very-really-good/id1335843384\n\nRISE OF THE ORDER: https://www.theriseoftheorder.com/\n\nthanks for watching!\n\ncomment \"shoutout carl boom boom” ur reading this\n\n#kurtisconner"
        },
        "defaultAudioLanguage": "en"
      }
    }
  ],
  "nextPageToken": "CAMQAA",
  "pageInfo": {
    "totalResults": 200,
    "resultsPerPage": 3
  }
}

